#
# There is insufficient memory for the Java Runtime Environment to continue.
# Native memory allocation (malloc) failed to allocate 151728 bytes for Chunk::new
# Possible reasons:
#   The system is out of physical RAM or swap space
#   The process is running with CompressedOops enabled, and the Java Heap may be blocking the growth of the native heap
# Possible solutions:
#   Reduce memory load on the system
#   Increase physical memory or swap space
#   Check if swap backing store is full
#   Decrease Java heap size (-Xmx/-Xms)
#   Decrease number of Java threads
#   Decrease Java thread stack sizes (-Xss)
#   Set larger code cache with -XX:ReservedCodeCacheSize=
#   JVM is running with Unscaled Compressed Oops mode in which the Java heap is
#     placed in the first 4GB address space. The Java Heap base address is the
#     maximum limit for the native heap growth. Please use -XX:HeapBaseMinAddress
#     to set the Java Heap base and to place the Java Heap above 4GB virtual address.
# This output file may be truncated or incomplete.
#
#  Out of Memory Error (arena.cpp:189), pid=16676, tid=25596
#
# JRE version: OpenJDK Runtime Environment Temurin-17.0.4.1+1 (17.0.4.1+1) (build 17.0.4.1+1)
# Java VM: OpenJDK 64-Bit Server VM Temurin-17.0.4.1+1 (17.0.4.1+1, mixed mode, tiered, compressed oops, compressed class ptrs, parallel gc, windows-amd64)
# No core dump will be written. Minidumps are not enabled by default on client versions of Windows
#

---------------  S U M M A R Y ------------

Command Line: --add-modules=ALL-SYSTEM --add-opens=java.base/java.util=ALL-UNNAMED --add-opens=java.base/java.lang=ALL-UNNAMED --add-opens=java.base/sun.nio.fs=ALL-UNNAMED -Declipse.application=org.eclipse.jdt.ls.core.id1 -Dosgi.bundles.defaultStartLevel=4 -Declipse.product=org.eclipse.jdt.ls.core.product -Djava.import.generatesMetadataFilesAtProjectRoot=false -Dfile.encoding=utf8 -XX:+UseParallelGC -XX:GCTimeRatio=4 -XX:AdaptiveSizePolicyWeight=90 -Dsun.zip.disableMemoryMapping=true -Xmx1G -Xms100m -Xlog:disable -javaagent:c:\Users\Malingas Cumbane\.vscode\extensions\redhat.java-1.12.0-win32-x64\lombok\lombok-1.18.24.jar c:\Users\Malingas Cumbane\.vscode\extensions\redhat.java-1.12.0-win32-x64\server\plugins\org.eclipse.equinox.launcher_1.6.400.v20210924-0641.jar -configuration c:\Users\Malingas Cumbane\AppData\Roaming\Code\User\globalStorage\redhat.java\1.12.0\config_ss_win -data c:\Users\Malingas Cumbane\AppData\Roaming\Code\User\workspaceStorage\cbae844184017a177f45b666119da112\redhat.java\ss_ws

Host: Intel(R) Core(TM) i5-10310U CPU @ 1.70GHz, 8 cores, 7G,  Windows 11 , 64 bit Build 22621 (10.0.22621.755)
Time: Tue Nov 29 11:14:15 2022 South Africa Standard Time elapsed time: 1.403562 seconds (0d 0h 0m 1s)

---------------  T H R E A D  ---------------

Current thread (0x000002837cb30cd0):  JavaThread "C2 CompilerThread0" daemon [_thread_in_native, id=25596, stack(0x000000dddb800000,0x000000dddb900000)]


Current CompileTask:
C2:   1403  461   !   4       java.lang.String::replace (258 bytes)

Stack: [0x000000dddb800000,0x000000dddb900000]
Native frames: (J=compiled Java code, j=interpreted, Vv=VM code, C=native code)
V  [jvm.dll+0x67731a]
V  [jvm.dll+0x832284]
V  [jvm.dll+0x833a2e]
V  [jvm.dll+0x834093]
V  [jvm.dll+0x245775]
V  [jvm.dll+0xabd7b]
V  [jvm.dll+0xac30c]
V  [jvm.dll+0x363a97]
V  [jvm.dll+0x32e011]
V  [jvm.dll+0x32d4ba]
V  [jvm.dll+0x218681]
V  [jvm.dll+0x217aa1]
V  [jvm.dll+0x1a3f8d]
V  [jvm.dll+0x227498]
V  [jvm.dll+0x2255e5]
V  [jvm.dll+0x7e7e9b]
V  [jvm.dll+0x7e240a]
V  [jvm.dll+0x6761a5]
C  [ucrtbase.dll+0x29363]
C  [KERNEL32.DLL+0x1244d]
C  [ntdll.dll+0x5dfb8]


---------------  P R O C E S S  ---------------

Threads class SMR info:
_java_thread_list=0x000002837ce8f8e0, length=12, elements={
0x000002836720df40, 0x000002837cb252d0, 0x000002837cb266e0, 0x000002837b097630,
0x000002837cb2ef60, 0x000002837cb2f820, 0x000002837cb300e0, 0x000002837cb30cd0,
0x000002837cbbbc60, 0x000002837cbcc8f0, 0x00000283672cec60, 0x000002837ced5640
}

Java Threads: ( => current thread )
  0x000002836720df40 JavaThread "main" [_thread_in_Java, id=13908, stack(0x000000dddaf00000,0x000000dddb000000)]
  0x000002837cb252d0 JavaThread "Reference Handler" daemon [_thread_blocked, id=24896, stack(0x000000dddb200000,0x000000dddb300000)]
  0x000002837cb266e0 JavaThread "Finalizer" daemon [_thread_blocked, id=23588, stack(0x000000dddb300000,0x000000dddb400000)]
  0x000002837b097630 JavaThread "Signal Dispatcher" daemon [_thread_blocked, id=16708, stack(0x000000dddb400000,0x000000dddb500000)]
  0x000002837cb2ef60 JavaThread "Attach Listener" daemon [_thread_blocked, id=4208, stack(0x000000dddb500000,0x000000dddb600000)]
  0x000002837cb2f820 JavaThread "Service Thread" daemon [_thread_blocked, id=22044, stack(0x000000dddb600000,0x000000dddb700000)]
  0x000002837cb300e0 JavaThread "Monitor Deflation Thread" daemon [_thread_blocked, id=23516, stack(0x000000dddb700000,0x000000dddb800000)]
=>0x000002837cb30cd0 JavaThread "C2 CompilerThread0" daemon [_thread_in_native, id=25596, stack(0x000000dddb800000,0x000000dddb900000)]
  0x000002837cbbbc60 JavaThread "C1 CompilerThread0" daemon [_thread_blocked, id=18316, stack(0x000000dddb900000,0x000000dddba00000)]
  0x000002837cbcc8f0 JavaThread "Sweeper thread" daemon [_thread_blocked, id=3188, stack(0x000000dddba00000,0x000000dddbb00000)]
  0x00000283672cec60 JavaThread "Common-Cleaner" daemon [_thread_blocked, id=15364, stack(0x000000dddbb00000,0x000000dddbc00000)]
  0x000002837ced5640 JavaThread "Notification Thread" daemon [_thread_blocked, id=12700, stack(0x000000dddbc00000,0x000000dddbd00000)]

Other Threads:
  0x000002837af39010 VMThread "VM Thread" [stack: 0x000000dddb100000,0x000000dddb200000] [id=20648]
  0x000002837ce62270 WatcherThread [stack: 0x000000dddbd00000,0x000000dddbe00000] [id=24284]
  0x0000028367224d90 GCTaskThread "GC Thread#0" [stack: 0x000000dddb000000,0x000000dddb100000] [id=15540]

Threads with active compile tasks:
C2 CompilerThread0     1437  461   !   4       java.lang.String::replace (258 bytes)

VM state: not at safepoint (normal execution)

VM Mutex/Monitor currently owned by a thread: None

Heap address: 0x00000000c0000000, size: 1024 MB, Compressed Oops mode: 32-bit

CDS archive(s) not mapped
Compressed class space mapped at: 0x0000000100000000-0x0000000140000000, reserved size: 1073741824
Narrow klass base: 0x0000000000000000, Narrow klass shift: 3, Narrow klass range: 0x140000000

GC Precious Log:
 CPUs: 8 total, 8 available
 Memory: 7948M
 Large Page Support: Disabled
 NUMA Support: Disabled
 Compressed Oops: Enabled (32-bit)
 Alignments: Space 512K, Generation 512K, Heap 2M
 Heap Min Capacity: 100M
 Heap Initial Capacity: 100M
 Heap Max Capacity: 1G
 Pre-touch: Disabled
 Parallel Workers: 8

Heap:
 PSYoungGen      total 29696K, used 9888K [0x00000000eab00000, 0x00000000ecc00000, 0x0000000100000000)
  eden space 25600K, 38% used [0x00000000eab00000,0x00000000eb4a8278,0x00000000ec400000)
  from space 4096K, 0% used [0x00000000ec800000,0x00000000ec800000,0x00000000ecc00000)
  to   space 4096K, 0% used [0x00000000ec400000,0x00000000ec400000,0x00000000ec800000)
 ParOldGen       total 68608K, used 0K [0x00000000c0000000, 0x00000000c4300000, 0x00000000eab00000)
  object space 68608K, 0% used [0x00000000c0000000,0x00000000c0000000,0x00000000c4300000)
 Metaspace       used 7575K, committed 7680K, reserved 1056768K
  class space    used 738K, committed 832K, reserved 1048576K

Card table byte_map: [0x0000028366bc0000,0x0000028366dd0000] _byte_map_base: 0x00000283665c0000

Marking Bits: (ParMarkBitMap*) 0x00007ffef60f2cc0
 Begin Bits: [0x0000028378ea0000, 0x0000028379ea0000)
 End Bits:   [0x0000028379ea0000, 0x000002837aea0000)

Polling page: 0x00000283651a0000

Metaspace:

Usage:
  Non-class:      6.68 MB used.
      Class:    738.54 KB used.
       Both:      7.40 MB used.

Virtual space:
  Non-class space:        8.00 MB reserved,       6.69 MB ( 84%) committed,  1 nodes.
      Class space:        1.00 GB reserved,     832.00 KB ( <1%) committed,  1 nodes.
             Both:        1.01 GB reserved,       7.50 MB ( <1%) committed. 

Chunk freelists:
   Non-Class:  1.00 MB
       Class:  3.22 MB
        Both:  4.22 MB

MaxMetaspaceSize: unlimited
CompressedClassSpaceSize: 1.00 GB
Initial GC threshold: 21.00 MB
Current GC threshold: 21.00 MB
CDS: off
MetaspaceReclaimPolicy: balanced
 - commit_granule_bytes: 65536.
 - commit_granule_words: 8192.
 - virtual_space_node_default_size: 1048576.
 - enlarge_chunks_in_place: 1.
 - new_chunks_are_fully_committed: 0.
 - uncommit_free_chunks: 1.
 - use_allocation_guard: 0.
 - handle_deallocations: 1.


Internal statistics:

num_allocs_failed_limit: 0.
num_arena_births: 10.
num_arena_deaths: 0.
num_vsnodes_births: 2.
num_vsnodes_deaths: 0.
num_space_committed: 120.
num_space_uncommitted: 0.
num_chunks_returned_to_freelist: 0.
num_chunks_taken_from_freelist: 37.
num_chunk_merges: 0.
num_chunk_splits: 20.
num_chunks_enlarged: 16.
num_purges: 0.
num_inconsistent_stats: 0.

CodeHeap 'non-profiled nmethods': size=120000Kb used=145Kb max_used=145Kb free=119854Kb
 bounds [0x0000028371970000, 0x0000028371be0000, 0x0000028378ea0000]
CodeHeap 'profiled nmethods': size=120000Kb used=619Kb max_used=619Kb free=119381Kb
 bounds [0x000002836a440000, 0x000002836a6b0000, 0x0000028371970000]
CodeHeap 'non-nmethods': size=5760Kb used=1122Kb max_used=1123Kb free=4637Kb
 bounds [0x0000028369ea0000, 0x000002836a110000, 0x000002836a440000]
 total_blobs=870 nmethods=465 adapters=320
 compilation: enabled
              stopped_count=0, restarted_count=0
 full_count=0

Compilation events (20 events):
Event: 1.367 Thread 0x000002837cbbbc60  454       1       java.security.Provider$Service::getAlgorithm (5 bytes)
Event: 1.367 Thread 0x000002837cbbbc60 nmethod 454 0x0000028371992290 code [0x0000028371992420, 0x00000283719924f8]
Event: 1.368 Thread 0x000002837cbbbc60  455       1       java.security.Provider$Service::getAliases (5 bytes)
Event: 1.368 Thread 0x000002837cbbbc60 nmethod 455 0x0000028371992590 code [0x0000028371992720, 0x00000283719927f8]
Event: 1.368 Thread 0x000002837cbbbc60  456       3       java.security.Provider$ServiceKey::hashCode (19 bytes)
Event: 1.368 Thread 0x000002837cbbbc60 nmethod 456 0x000002836a4d6090 code [0x000002836a4d6240, 0x000002836a4d63d8]
Event: 1.373 Thread 0x000002837cb30cd0 nmethod 449 0x0000028371992890 code [0x0000028371992a40, 0x0000028371992f88]
Event: 1.373 Thread 0x000002837cb30cd0  450       4       java.util.ArrayList$Itr::next (66 bytes)
Event: 1.375 Thread 0x000002837cb30cd0 nmethod 450 0x0000028371993310 code [0x00000283719934a0, 0x00000283719935f8]
Event: 1.375 Thread 0x000002837cb30cd0  457       4       jdk.internal.misc.Unsafe::allocateUninitializedArray (55 bytes)
Event: 1.378 Thread 0x000002837cbbbc60  459       3       sun.security.util.ObjectIdentifier::checkOtherComponent (41 bytes)
Event: 1.378 Thread 0x000002837cb30cd0 nmethod 457 0x0000028371993790 code [0x0000028371993920, 0x0000028371993af8]
Event: 1.378 Thread 0x000002837cb30cd0  458       4       jdk.internal.misc.Unsafe::allocateUninitializedArray0 (90 bytes)
Event: 1.379 Thread 0x000002837cbbbc60 nmethod 459 0x000002836a4d6510 code [0x000002836a4d6740, 0x000002836a4d6e28]
Event: 1.379 Thread 0x000002837cb30cd0 nmethod 458 0x0000028371993c90 code [0x0000028371993e20, 0x0000028371993ff8]
Event: 1.379 Thread 0x000002837cb30cd0  460       4       jdk.internal.misc.Unsafe::allocateUninitializedArray (55 bytes)
Event: 1.381 Thread 0x000002837cb30cd0 nmethod 460 0x0000028371994110 code [0x00000283719942a0, 0x0000028371994458]
Event: 1.383 Thread 0x000002837cb30cd0  461   !   4       java.lang.String::replace (258 bytes)
Event: 1.397 Thread 0x000002837cbbbc60  463       3       sun.security.util.DerInputStream::<init> (38 bytes)
Event: 1.397 Thread 0x000002837cbbbc60 nmethod 463 0x000002836a4d7110 code [0x000002836a4d72a0, 0x000002836a4d7438]

GC Heap History (0 events):
No events

Deoptimization events (20 events):
Event: 1.378 Thread 0x000002836720df40 Uncommon trap: trap_request=0xffffffde fr.pc=0x0000028371993a44 relative=0x0000000000000124
Event: 1.378 Thread 0x000002836720df40 Uncommon trap: reason=class_check action=maybe_recompile pc=0x0000028371993a44 method=jdk.internal.misc.Unsafe.allocateUninitializedArray(Ljava/lang/Class;I)Ljava/lang/Object; @ 51 c2
Event: 1.378 Thread 0x000002836720df40 DEOPT PACKING pc=0x0000028371993a44 sp=0x000000dddaffb870
Event: 1.378 Thread 0x000002836720df40 DEOPT UNPACKING pc=0x0000028369ef20a3 sp=0x000000dddaffb7f8 mode 2
Event: 1.378 Thread 0x000002836720df40 Uncommon trap: trap_request=0xffffffde fr.pc=0x0000028371993a44 relative=0x0000000000000124
Event: 1.378 Thread 0x000002836720df40 Uncommon trap: reason=class_check action=maybe_recompile pc=0x0000028371993a44 method=jdk.internal.misc.Unsafe.allocateUninitializedArray(Ljava/lang/Class;I)Ljava/lang/Object; @ 51 c2
Event: 1.378 Thread 0x000002836720df40 DEOPT PACKING pc=0x0000028371993a44 sp=0x000000dddaffb870
Event: 1.378 Thread 0x000002836720df40 DEOPT UNPACKING pc=0x0000028369ef20a3 sp=0x000000dddaffb7f8 mode 2
Event: 1.378 Thread 0x000002836720df40 Uncommon trap: trap_request=0xffffffde fr.pc=0x0000028371993a44 relative=0x0000000000000124
Event: 1.378 Thread 0x000002836720df40 Uncommon trap: reason=class_check action=maybe_recompile pc=0x0000028371993a44 method=jdk.internal.misc.Unsafe.allocateUninitializedArray(Ljava/lang/Class;I)Ljava/lang/Object; @ 51 c2
Event: 1.378 Thread 0x000002836720df40 DEOPT PACKING pc=0x0000028371993a44 sp=0x000000dddaffb870
Event: 1.378 Thread 0x000002836720df40 DEOPT UNPACKING pc=0x0000028369ef20a3 sp=0x000000dddaffb7f8 mode 2
Event: 1.378 Thread 0x000002836720df40 Uncommon trap: trap_request=0xffffffde fr.pc=0x0000028371993a44 relative=0x0000000000000124
Event: 1.378 Thread 0x000002836720df40 Uncommon trap: reason=class_check action=maybe_recompile pc=0x0000028371993a44 method=jdk.internal.misc.Unsafe.allocateUninitializedArray(Ljava/lang/Class;I)Ljava/lang/Object; @ 51 c2
Event: 1.378 Thread 0x000002836720df40 DEOPT PACKING pc=0x0000028371993a44 sp=0x000000dddaffb8b0
Event: 1.378 Thread 0x000002836720df40 DEOPT UNPACKING pc=0x0000028369ef20a3 sp=0x000000dddaffb838 mode 2
Event: 1.400 Thread 0x000002836720df40 Uncommon trap: trap_request=0xffffff45 fr.pc=0x00000283719850b4 relative=0x00000000000000b4
Event: 1.400 Thread 0x000002836720df40 Uncommon trap: reason=unstable_if action=reinterpret pc=0x00000283719850b4 method=java.net.URI.match(CJJ)Z @ 45 c2
Event: 1.400 Thread 0x000002836720df40 DEOPT PACKING pc=0x00000283719850b4 sp=0x000000dddaffcaf0
Event: 1.400 Thread 0x000002836720df40 DEOPT UNPACKING pc=0x0000028369ef20a3 sp=0x000000dddaffca78 mode 2

Classes unloaded (0 events):
No events

Classes redefined (0 events):
No events

Internal exceptions (2 events):
Event: 0.452 Thread 0x000002836720df40 Exception <a 'java/lang/NoSuchMethodError'{0x00000000eacb25f0}: 'void java.lang.invoke.DirectMethodHandle$Holder.invokeStatic(java.lang.Object, java.lang.Object, java.lang.Object)'> (0x00000000eacb25f0) 
thrown [s\src\hotspot\share\interpreter\linkResolver.cpp, line 759]
Event: 0.911 Thread 0x000002836720df40 Exception <a 'java/lang/reflect/InvocationTargetException'{0x00000000eaf8a890}> (0x00000000eaf8a890) 
thrown [s\src\hotspot\share\runtime\reflection.cpp, line 1121]

VM Operations (4 events):
Event: 0.461 Executing VM operation: HandshakeAllThreads
Event: 0.461 Executing VM operation: HandshakeAllThreads done
Event: 0.730 Executing VM operation: HandshakeAllThreads
Event: 0.730 Executing VM operation: HandshakeAllThreads done

Events (20 events):
Event: 1.392 loading class jdk/internal/util/Preconditions$1 done
Event: 1.392 loading class java/lang/invoke/VarHandleGuards
Event: 1.394 loading class java/lang/invoke/VarHandleGuards done
Event: 1.395 loading class java/lang/invoke/VarForm
Event: 1.395 loading class java/lang/invoke/VarForm done
Event: 1.395 loading class java/lang/System$Logger$Level
Event: 1.395 loading class java/lang/System$Logger$Level done
Event: 1.397 loading class sun/security/x509/ExtendedKeyUsageExtension
Event: 1.397 loading class sun/security/x509/ExtendedKeyUsageExtension done
Event: 1.397 loading class java/util/Vector
Event: 1.398 loading class java/util/Vector done
Event: 1.398 loading class sun/security/x509/AuthorityInfoAccessExtension
Event: 1.398 loading class sun/security/x509/AuthorityInfoAccessExtension done
Event: 1.398 loading class sun/security/x509/AccessDescription
Event: 1.399 loading class sun/security/x509/AccessDescription done
Event: 1.399 loading class sun/security/x509/GeneralName
Event: 1.399 loading class sun/security/x509/GeneralName done
Event: 1.399 loading class sun/security/x509/URIName
Event: 1.399 loading class sun/security/x509/URIName done
Event: 1.400 loading class sun/security/x509/DNSName


Dynamic libraries:
0x00007ff733c10000 - 0x00007ff733c1e000 	c:\Users\Malingas Cumbane\.vscode\extensions\redhat.java-1.12.0-win32-x64\jre\17.0.4.1-win32-x86_64\bin\java.exe
0x00007fff71b90000 - 0x00007fff71da4000 	C:\WINDOWS\SYSTEM32\ntdll.dll
0x00007fff6fc00000 - 0x00007fff6fcc2000 	C:\WINDOWS\System32\KERNEL32.DLL
0x00007fff6eff0000 - 0x00007fff6f38d000 	C:\WINDOWS\System32\KERNELBASE.dll
0x00007fff6f780000 - 0x00007fff6f891000 	C:\WINDOWS\System32\ucrtbase.dll
0x00007fff64f20000 - 0x00007fff64f38000 	c:\Users\Malingas Cumbane\.vscode\extensions\redhat.java-1.12.0-win32-x64\jre\17.0.4.1-win32-x86_64\bin\jli.dll
0x00007fff70360000 - 0x00007fff7050a000 	C:\WINDOWS\System32\USER32.dll
0x00007fff6efc0000 - 0x00007fff6efe6000 	C:\WINDOWS\System32\win32u.dll
0x00007fff70db0000 - 0x00007fff70dd9000 	C:\WINDOWS\System32\GDI32.dll
0x00007fff6f390000 - 0x00007fff6f4a2000 	C:\WINDOWS\System32\gdi32full.dll
0x00007fff6f4b0000 - 0x00007fff6f54a000 	C:\WINDOWS\System32\msvcp_win.dll
0x00007fff657a0000 - 0x00007fff657b9000 	c:\Users\Malingas Cumbane\.vscode\extensions\redhat.java-1.12.0-win32-x64\jre\17.0.4.1-win32-x86_64\bin\VCRUNTIME140.dll
0x00007fff47930000 - 0x00007fff47bbe000 	C:\WINDOWS\WinSxS\amd64_microsoft.windows.common-controls_6595b64144ccf1df_6.0.22621.608_none_a9444ca7c10bb01d\COMCTL32.dll
0x00007fff6f9b0000 - 0x00007fff6fa57000 	C:\WINDOWS\System32\msvcrt.dll
0x00007fff71840000 - 0x00007fff71872000 	C:\WINDOWS\System32\IMM32.DLL
0x00007fff68b10000 - 0x00007fff68b1c000 	c:\Users\Malingas Cumbane\.vscode\extensions\redhat.java-1.12.0-win32-x64\jre\17.0.4.1-win32-x86_64\bin\vcruntime140_1.dll
0x00007fff3cab0000 - 0x00007fff3cb41000 	c:\Users\Malingas Cumbane\.vscode\extensions\redhat.java-1.12.0-win32-x64\jre\17.0.4.1-win32-x86_64\bin\msvcp140.dll
0x00007ffef5570000 - 0x00007ffef61b6000 	c:\Users\Malingas Cumbane\.vscode\extensions\redhat.java-1.12.0-win32-x64\jre\17.0.4.1-win32-x86_64\bin\server\jvm.dll
0x00007fff719a0000 - 0x00007fff71a4e000 	C:\WINDOWS\System32\ADVAPI32.dll
0x00007fff70520000 - 0x00007fff705c4000 	C:\WINDOWS\System32\sechost.dll
0x00007fff71880000 - 0x00007fff71995000 	C:\WINDOWS\System32\RPCRT4.dll
0x00007fff70250000 - 0x00007fff70258000 	C:\WINDOWS\System32\PSAPI.DLL
0x00007fff61750000 - 0x00007fff61759000 	C:\WINDOWS\SYSTEM32\WSOCK32.dll
0x00007fff71440000 - 0x00007fff714b1000 	C:\WINDOWS\System32\WS2_32.dll
0x00007fff63f10000 - 0x00007fff63f44000 	C:\WINDOWS\SYSTEM32\WINMM.dll
0x00007fff6c960000 - 0x00007fff6c96a000 	C:\WINDOWS\SYSTEM32\VERSION.dll
0x00007fff6e0e0000 - 0x00007fff6e0f8000 	C:\WINDOWS\SYSTEM32\kernel.appcore.dll
0x00007fff64e40000 - 0x00007fff64e4a000 	c:\Users\Malingas Cumbane\.vscode\extensions\redhat.java-1.12.0-win32-x64\jre\17.0.4.1-win32-x86_64\bin\jimage.dll
0x00007fff6c6f0000 - 0x00007fff6c91e000 	C:\WINDOWS\SYSTEM32\DBGHELP.DLL
0x00007fff6fec0000 - 0x00007fff7024a000 	C:\WINDOWS\System32\combase.dll
0x00007fff6fcd0000 - 0x00007fff6fda7000 	C:\WINDOWS\System32\OLEAUT32.dll
0x00007fff50f00000 - 0x00007fff50f32000 	C:\WINDOWS\SYSTEM32\dbgcore.DLL
0x00007fff6f910000 - 0x00007fff6f98b000 	C:\WINDOWS\System32\bcryptPrimitives.dll
0x00007fff64e00000 - 0x00007fff64e0e000 	c:\Users\Malingas Cumbane\.vscode\extensions\redhat.java-1.12.0-win32-x64\jre\17.0.4.1-win32-x86_64\bin\instrument.dll
0x00007fff63f50000 - 0x00007fff63f75000 	c:\Users\Malingas Cumbane\.vscode\extensions\redhat.java-1.12.0-win32-x64\jre\17.0.4.1-win32-x86_64\bin\java.dll
0x00007fff57f90000 - 0x00007fff57fa8000 	c:\Users\Malingas Cumbane\.vscode\extensions\redhat.java-1.12.0-win32-x64\jre\17.0.4.1-win32-x86_64\bin\zip.dll
0x00007fff705d0000 - 0x00007fff70db0000 	C:\WINDOWS\System32\SHELL32.dll
0x00007fff6cfc0000 - 0x00007fff6d885000 	C:\WINDOWS\SYSTEM32\windows.storage.dll
0x00007fff6ce80000 - 0x00007fff6cfbe000 	C:\WINDOWS\SYSTEM32\wintypes.dll
0x00007fff70260000 - 0x00007fff70351000 	C:\WINDOWS\System32\SHCORE.dll
0x00007fff715e0000 - 0x00007fff7163e000 	C:\WINDOWS\System32\shlwapi.dll
0x00007fff6eef0000 - 0x00007fff6ef11000 	C:\WINDOWS\SYSTEM32\profapi.dll
0x00007fff56750000 - 0x00007fff56769000 	C:\Users\Malingas Cumbane\.vscode\extensions\redhat.java-1.12.0-win32-x64\jre\17.0.4.1-win32-x86_64\bin\net.dll
0x00007fff65eb0000 - 0x00007fff65fdf000 	C:\WINDOWS\SYSTEM32\WINHTTP.dll
0x00007fff6e530000 - 0x00007fff6e599000 	C:\WINDOWS\system32\mswsock.dll
0x00007fff56700000 - 0x00007fff56715000 	C:\Users\Malingas Cumbane\.vscode\extensions\redhat.java-1.12.0-win32-x64\jre\17.0.4.1-win32-x86_64\bin\nio.dll
0x00007fff61760000 - 0x00007fff61770000 	c:\Users\Malingas Cumbane\.vscode\extensions\redhat.java-1.12.0-win32-x64\jre\17.0.4.1-win32-x86_64\bin\verify.dll

dbghelp: loaded successfully - version: 4.0.5 - missing functions: none
symbol engine: initialized successfully - sym options: 0x614 - pdb path: .;c:\Users\Malingas Cumbane\.vscode\extensions\redhat.java-1.12.0-win32-x64\jre\17.0.4.1-win32-x86_64\bin;C:\WINDOWS\SYSTEM32;C:\WINDOWS\WinSxS\amd64_microsoft.windows.common-controls_6595b64144ccf1df_6.0.22621.608_none_a9444ca7c10bb01d;c:\Users\Malingas Cumbane\.vscode\extensions\redhat.java-1.12.0-win32-x64\jre\17.0.4.1-win32-x86_64\bin\server

VM Arguments:
jvm_args: --add-modules=ALL-SYSTEM --add-opens=java.base/java.util=ALL-UNNAMED --add-opens=java.base/java.lang=ALL-UNNAMED --add-opens=java.base/sun.nio.fs=ALL-UNNAMED -Declipse.application=org.eclipse.jdt.ls.core.id1 -Dosgi.bundles.defaultStartLevel=4 -Declipse.product=org.eclipse.jdt.ls.core.product -Djava.import.generatesMetadataFilesAtProjectRoot=false -Dfile.encoding=utf8 -XX:+UseParallelGC -XX:GCTimeRatio=4 -XX:AdaptiveSizePolicyWeight=90 -Dsun.zip.disableMemoryMapping=true -Xmx1G -Xms100m -Xlog:disable -javaagent:c:\Users\Malingas Cumbane\.vscode\extensions\redhat.java-1.12.0-win32-x64\lombok\lombok-1.18.24.jar 
java_command: c:\Users\Malingas Cumbane\.vscode\extensions\redhat.java-1.12.0-win32-x64\server\plugins\org.eclipse.equinox.launcher_1.6.400.v20210924-0641.jar -configuration c:\Users\Malingas Cumbane\AppData\Roaming\Code\User\globalStorage\redhat.java\1.12.0\config_ss_win -data c:\Users\Malingas Cumbane\AppData\Roaming\Code\User\workspaceStorage\cbae844184017a177f45b666119da112\redhat.java\ss_ws
java_class_path (initial): c:\Users\Malingas Cumbane\.vscode\extensions\redhat.java-1.12.0-win32-x64\server\plugins\org.eclipse.equinox.launcher_1.6.400.v20210924-0641.jar
Launcher Type: SUN_STANDARD

[Global flags]
    uintx AdaptiveSizePolicyWeight                 = 90                                        {product} {command line}
     intx CICompilerCount                          = 4                                         {product} {ergonomic}
    uintx GCTimeRatio                              = 4                                         {product} {command line}
   size_t InitialHeapSize                          = 104857600                                 {product} {command line}
   size_t MaxHeapSize                              = 1073741824                                {product} {command line}
   size_t MaxNewSize                               = 357564416                                 {product} {ergonomic}
   size_t MinHeapDeltaBytes                        = 524288                                    {product} {ergonomic}
   size_t MinHeapSize                              = 104857600                                 {product} {command line}
   size_t NewSize                                  = 34603008                                  {product} {ergonomic}
    uintx NonNMethodCodeHeapSize                   = 5839372                                {pd product} {ergonomic}
    uintx NonProfiledCodeHeapSize                  = 122909434                              {pd product} {ergonomic}
   size_t OldSize                                  = 70254592                                  {product} {ergonomic}
    uintx ProfiledCodeHeapSize                     = 122909434                              {pd product} {ergonomic}
    uintx ReservedCodeCacheSize                    = 251658240                              {pd product} {ergonomic}
     bool SegmentedCodeCache                       = true                                      {product} {ergonomic}
   size_t SoftMaxHeapSize                          = 1073741824                             {manageable} {ergonomic}
     bool UseCompressedClassPointers               = true                           {product lp64_product} {ergonomic}
     bool UseCompressedOops                        = true                           {product lp64_product} {ergonomic}
     bool UseLargePagesIndividualAllocation        = false                                  {pd product} {ergonomic}
     bool UseParallelGC                            = true                                      {product} {command line}

Logging:
Log output configuration:
 #0: stdout all=off uptime,level,tags
 #1: stderr all=off uptime,level,tags

Environment Variables:
PATH=C:\Program Files\Python39\Scripts\;C:\Program Files\Python39\;C:\Program Files\Common Files\Oracle\Java\javapath;C:\Windows\system32;C:\Windows;C:\Windows\System32\Wbem;C:\Windows\System32\WindowsPowerShell\v1.0\;C:\Windows\System32\OpenSSH\;C:\Program Files\nodejs\;C:\Program Files\Git\cmd;C:\Program Files\PuTTY\;C:\Program Files\Microsoft SQL Server\Client SDK\ODBC\130\Tools\Binn\;C:\Program Files (x86)\Microsoft SQL Server\130\Tools\Binn\;C:\Program Files\Microsoft SQL Server\130\Tools\Binn\;C:\Program Files\Microsoft SQL Server\130\DTS\Binn\;C:\Program Files\dotnet\;%SystemRoot%\system32;%SystemRoot%;%SystemRoot%\System32\Wbem;%SYSTEMROOT%\System32\WindowsPowerShell\v1.0\;%SYSTEMROOT%\System32\OpenSSH\;C:\Program Files\MySQL\MySQL Shell 8.0\bin\;C:\Users\Malingas Cumbane\AppData\Local\Microsoft\WindowsApps;;C:\Users\Malingas Cumbane\AppData\Local\Programs\Microsoft VS Code\bin;C:\Users\Malingas Cumbane\AppData\Roaming\npm;C:\Users\Malingas Cumbane\.dotnet\tools
USERNAME=Malingas Cumbane
OS=Windows_NT
PROCESSOR_IDENTIFIER=Intel64 Family 6 Model 142 Stepping 12, GenuineIntel
TMP=C:\Users\MALING~1\AppData\Local\Temp
TEMP=C:\Users\MALING~1\AppData\Local\Temp



---------------  S Y S T E M  ---------------

OS:
 Windows 11 , 64 bit Build 22621 (10.0.22621.755)
OS uptime: 1 days 12:23 hours
Hyper-V role detected

CPU: total 8 (initial active 8) (4 cores per cpu, 2 threads per core) family 6 model 142 stepping 12 microcode 0xde, cx8, cmov, fxsr, ht, mmx, 3dnowpref, sse, sse2, sse3, ssse3, sse4.1, sse4.2, popcnt, lzcnt, tsc, tscinvbit, avx, avx2, aes, erms, clmul, bmi1, bmi2, adx, fma, vzeroupper, clflush, clflushopt, hv

Memory: 4k page, system-wide physical 7948M (163M free)
TotalPageFile size 21075M (AvailPageFile size 0M)
current process WorkingSet (physical memory assigned to process): 45M, peak: 45M
current process commit charge ("private bytes"): 189M, peak: 189M

vm_info: OpenJDK 64-Bit Server VM (17.0.4.1+1) for windows-amd64 JRE (17.0.4.1+1), built on Aug 17 2022 07:42:43 by "temurin" with MS VC++ 16.7 (VS2019)

END.
