#
# There is insufficient memory for the Java Runtime Environment to continue.
# Native memory allocation (malloc) failed to allocate 605776 bytes for Chunk::new
# Possible reasons:
#   The system is out of physical RAM or swap space
#   The process is running with CompressedOops enabled, and the Java Heap may be blocking the growth of the native heap
# Possible solutions:
#   Reduce memory load on the system
#   Increase physical memory or swap space
#   Check if swap backing store is full
#   Decrease Java heap size (-Xmx/-Xms)
#   Decrease number of Java threads
#   Decrease Java thread stack sizes (-Xss)
#   Set larger code cache with -XX:ReservedCodeCacheSize=
#   JVM is running with Unscaled Compressed Oops mode in which the Java heap is
#     placed in the first 4GB address space. The Java Heap base address is the
#     maximum limit for the native heap growth. Please use -XX:HeapBaseMinAddress
#     to set the Java Heap base and to place the Java Heap above 4GB virtual address.
# This output file may be truncated or incomplete.
#
#  Out of Memory Error (arena.cpp:189), pid=25092, tid=17320
#
# JRE version: OpenJDK Runtime Environment Temurin-17.0.4.1+1 (17.0.4.1+1) (build 17.0.4.1+1)
# Java VM: OpenJDK 64-Bit Server VM Temurin-17.0.4.1+1 (17.0.4.1+1, mixed mode, tiered, compressed oops, compressed class ptrs, parallel gc, windows-amd64)
# No core dump will be written. Minidumps are not enabled by default on client versions of Windows
#

---------------  S U M M A R Y ------------

Command Line: --add-modules=ALL-SYSTEM --add-opens=java.base/java.util=ALL-UNNAMED --add-opens=java.base/java.lang=ALL-UNNAMED --add-opens=java.base/sun.nio.fs=ALL-UNNAMED -Declipse.application=org.eclipse.jdt.ls.core.id1 -Dosgi.bundles.defaultStartLevel=4 -Declipse.product=org.eclipse.jdt.ls.core.product -Djava.import.generatesMetadataFilesAtProjectRoot=false -Dfile.encoding=utf8 -XX:+UseParallelGC -XX:GCTimeRatio=4 -XX:AdaptiveSizePolicyWeight=90 -Dsun.zip.disableMemoryMapping=true -Xmx1G -Xms100m -Xlog:disable -javaagent:c:\Users\Malingas Cumbane\.vscode\extensions\redhat.java-1.12.0-win32-x64\lombok\lombok-1.18.24.jar -XX:+HeapDumpOnOutOfMemoryError -XX:HeapDumpPath=c:\Users\Malingas Cumbane\AppData\Roaming\Code\User\workspaceStorage\cbae844184017a177f45b666119da112\redhat.java c:\Users\Malingas Cumbane\.vscode\extensions\redhat.java-1.12.0-win32-x64\server\plugins\org.eclipse.equinox.launcher_1.6.400.v20210924-0641.jar -configuration c:\Users\Malingas Cumbane\AppData\Roaming\Code\User\globalStorage\redhat.java\1.12.0\config_win -data c:\Users\Malingas Cumbane\AppData\Roaming\Code\User\workspaceStorage\cbae844184017a177f45b666119da112\redhat.java\jdt_ws

Host: Intel(R) Core(TM) i5-10310U CPU @ 1.70GHz, 8 cores, 7G,  Windows 11 , 64 bit Build 22621 (10.0.22621.755)
Time: Tue Nov 29 11:14:27 2022 South Africa Standard Time elapsed time: 3.512220 seconds (0d 0h 0m 3s)

---------------  T H R E A D  ---------------

Current thread (0x000001afbf72e1b0):  JavaThread "C2 CompilerThread0" daemon [_thread_in_native, id=17320, stack(0x000000120bc00000,0x000000120bd00000)]


Current CompileTask:
C2:   3512 1466       4       java.io.WinNTFileSystem::normalize (143 bytes)

Stack: [0x000000120bc00000,0x000000120bd00000]
Native frames: (J=compiled Java code, j=interpreted, Vv=VM code, C=native code)
V  [jvm.dll+0x67731a]
V  [jvm.dll+0x832284]
V  [jvm.dll+0x833a2e]
V  [jvm.dll+0x834093]
V  [jvm.dll+0x245775]
V  [jvm.dll+0xabd7b]
V  [jvm.dll+0xac30c]
V  [jvm.dll+0x363a42]
V  [jvm.dll+0x32e011]
V  [jvm.dll+0x32d4ba]
V  [jvm.dll+0x218681]
V  [jvm.dll+0x217aa1]
V  [jvm.dll+0x1a3f8d]
V  [jvm.dll+0x227498]
V  [jvm.dll+0x2255e5]
V  [jvm.dll+0x7e7e9b]
V  [jvm.dll+0x7e240a]
V  [jvm.dll+0x6761a5]
C  [ucrtbase.dll+0x29363]
C  [KERNEL32.DLL+0x1244d]
C  [ntdll.dll+0x5dfb8]


---------------  P R O C E S S  ---------------

Threads class SMR info:
_java_thread_list=0x000001afc0d04cf0, length=13, elements={
0x000001afa9dff4b0, 0x000001afbf704ef0, 0x000001afbf706db0, 0x000001afbdc8e1b0,
0x000001afbdc8ea70, 0x000001afbf726440, 0x000001afbf727100, 0x000001afbf72e1b0,
0x000001afbf797710, 0x000001afbf79a7e0, 0x000001afbf84e820, 0x000001afc0718f50,
0x000001afc0b5a180
}

Java Threads: ( => current thread )
  0x000001afa9dff4b0 JavaThread "main" [_thread_in_native, id=14056, stack(0x000000120b300000,0x000000120b400000)]
  0x000001afbf704ef0 JavaThread "Reference Handler" daemon [_thread_blocked, id=2204, stack(0x000000120b600000,0x000000120b700000)]
  0x000001afbf706db0 JavaThread "Finalizer" daemon [_thread_blocked, id=6460, stack(0x000000120b700000,0x000000120b800000)]
  0x000001afbdc8e1b0 JavaThread "Signal Dispatcher" daemon [_thread_blocked, id=2676, stack(0x000000120b800000,0x000000120b900000)]
  0x000001afbdc8ea70 JavaThread "Attach Listener" daemon [_thread_blocked, id=7712, stack(0x000000120b900000,0x000000120ba00000)]
  0x000001afbf726440 JavaThread "Service Thread" daemon [_thread_blocked, id=9624, stack(0x000000120ba00000,0x000000120bb00000)]
  0x000001afbf727100 JavaThread "Monitor Deflation Thread" daemon [_thread_blocked, id=20820, stack(0x000000120bb00000,0x000000120bc00000)]
=>0x000001afbf72e1b0 JavaThread "C2 CompilerThread0" daemon [_thread_in_native, id=17320, stack(0x000000120bc00000,0x000000120bd00000)]
  0x000001afbf797710 JavaThread "C1 CompilerThread0" daemon [_thread_blocked, id=10148, stack(0x000000120bd00000,0x000000120be00000)]
  0x000001afbf79a7e0 JavaThread "Sweeper thread" daemon [_thread_blocked, id=23236, stack(0x000000120be00000,0x000000120bf00000)]
  0x000001afbf84e820 JavaThread "Common-Cleaner" daemon [_thread_blocked, id=24652, stack(0x000000120bf00000,0x000000120c000000)]
  0x000001afc0718f50 JavaThread "Notification Thread" daemon [_thread_blocked, id=13944, stack(0x000000120c000000,0x000000120c100000)]
  0x000001afc0b5a180 JavaThread "Active Thread: Equinox Container: b5b350cc-acd7-467d-adf5-024466454e54" [_thread_blocked, id=9060, stack(0x000000120c800000,0x000000120c900000)]

Other Threads:
  0x000001afbf700c20 VMThread "VM Thread" [stack: 0x000000120b500000,0x000000120b600000] [id=24468]
  0x000001afbfa29460 WatcherThread [stack: 0x000000120c100000,0x000000120c200000] [id=10552]
  0x000001afa9e187b0 GCTaskThread "GC Thread#0" [stack: 0x000000120b400000,0x000000120b500000] [id=16200]
  0x000001afc0926a30 GCTaskThread "GC Thread#1" [stack: 0x000000120c200000,0x000000120c300000] [id=23056]
  0x000001afc0926ce0 GCTaskThread "GC Thread#2" [stack: 0x000000120c300000,0x000000120c400000] [id=5884]
  0x000001afc0bf8010 GCTaskThread "GC Thread#3" [stack: 0x000000120c400000,0x000000120c500000] [id=17004]
  0x000001afc0bf82c0 GCTaskThread "GC Thread#4" [stack: 0x000000120c500000,0x000000120c600000] [id=24928]
  0x000001afc0bf8570 GCTaskThread "GC Thread#5" [stack: 0x000000120c600000,0x000000120c700000] [id=11876]

Threads with active compile tasks:
C2 CompilerThread0     3548 1466       4       java.io.WinNTFileSystem::normalize (143 bytes)

VM state: not at safepoint (normal execution)

VM Mutex/Monitor currently owned by a thread: None

Heap address: 0x00000000c0000000, size: 1024 MB, Compressed Oops mode: 32-bit

CDS archive(s) not mapped
Compressed class space mapped at: 0x0000000100000000-0x0000000140000000, reserved size: 1073741824
Narrow klass base: 0x0000000000000000, Narrow klass shift: 3, Narrow klass range: 0x140000000

GC Precious Log:
 CPUs: 8 total, 8 available
 Memory: 7948M
 Large Page Support: Disabled
 NUMA Support: Disabled
 Compressed Oops: Enabled (32-bit)
 Alignments: Space 512K, Generation 512K, Heap 2M
 Heap Min Capacity: 100M
 Heap Initial Capacity: 100M
 Heap Max Capacity: 1G
 Pre-touch: Disabled
 Parallel Workers: 8

Heap:
 PSYoungGen      total 29696K, used 21269K [0x00000000eab00000, 0x00000000ecc00000, 0x0000000100000000)
  eden space 25600K, 70% used [0x00000000eab00000,0x00000000ebc8f538,0x00000000ec400000)
  from space 4096K, 80% used [0x00000000ec400000,0x00000000ec736218,0x00000000ec800000)
  to   space 4096K, 0% used [0x00000000ec800000,0x00000000ec800000,0x00000000ecc00000)
 ParOldGen       total 68608K, used 16K [0x00000000c0000000, 0x00000000c4300000, 0x00000000eab00000)
  object space 68608K, 0% used [0x00000000c0000000,0x00000000c0004000,0x00000000c4300000)
 Metaspace       used 13242K, committed 13440K, reserved 1064960K
  class space    used 1314K, committed 1408K, reserved 1048576K

Card table byte_map: [0x000001afa97e0000,0x000001afa99f0000] _byte_map_base: 0x000001afa91e0000

Marking Bits: (ParMarkBitMap*) 0x00007ffef60f2cc0
 Begin Bits: [0x000001afbba90000, 0x000001afbca90000)
 End Bits:   [0x000001afbca90000, 0x000001afbda90000)

Polling page: 0x000001afa95d0000

Metaspace:

Usage:
  Non-class:     11.65 MB used.
      Class:      1.28 MB used.
       Both:     12.93 MB used.

Virtual space:
  Non-class space:       16.00 MB reserved,      11.75 MB ( 73%) committed,  2 nodes.
      Class space:        1.00 GB reserved,       1.38 MB ( <1%) committed,  1 nodes.
             Both:        1.02 GB reserved,      13.12 MB (  1%) committed. 

Chunk freelists:
   Non-Class:  3.84 MB
       Class:  2.48 MB
        Both:  6.33 MB

MaxMetaspaceSize: unlimited
CompressedClassSpaceSize: 1.00 GB
Initial GC threshold: 21.00 MB
Current GC threshold: 21.00 MB
CDS: off
MetaspaceReclaimPolicy: balanced
 - commit_granule_bytes: 65536.
 - commit_granule_words: 8192.
 - virtual_space_node_default_size: 1048576.
 - enlarge_chunks_in_place: 1.
 - new_chunks_are_fully_committed: 0.
 - uncommit_free_chunks: 1.
 - use_allocation_guard: 0.
 - handle_deallocations: 1.


Internal statistics:

num_allocs_failed_limit: 0.
num_arena_births: 56.
num_arena_deaths: 0.
num_vsnodes_births: 3.
num_vsnodes_deaths: 0.
num_space_committed: 210.
num_space_uncommitted: 0.
num_chunks_returned_to_freelist: 0.
num_chunks_taken_from_freelist: 211.
num_chunk_merges: 0.
num_chunk_splits: 147.
num_chunks_enlarged: 122.
num_purges: 0.
num_inconsistent_stats: 0.

CodeHeap 'non-profiled nmethods': size=120000Kb used=520Kb max_used=520Kb free=119479Kb
 bounds [0x000001afb4560000, 0x000001afb47d0000, 0x000001afbba90000]
CodeHeap 'profiled nmethods': size=120000Kb used=2622Kb max_used=2622Kb free=117377Kb
 bounds [0x000001afad030000, 0x000001afad2c0000, 0x000001afb4560000]
CodeHeap 'non-nmethods': size=5760Kb used=1154Kb max_used=1190Kb free=4605Kb
 bounds [0x000001afaca90000, 0x000001afacd00000, 0x000001afad030000]
 total_blobs=1904 nmethods=1461 adapters=357
 compilation: enabled
              stopped_count=0, restarted_count=0
 full_count=0

Compilation events (20 events):
Event: 3.247 Thread 0x000001afbf797710 nmethod 1461 0x000001afb45dfa90 code [0x000001afb45dfc20, 0x000001afb45dfcf8]
Event: 3.290 Thread 0x000001afbf797710 1462       3       java.lang.ThreadLocal::get (38 bytes)
Event: 3.291 Thread 0x000001afbf797710 nmethod 1462 0x000001afad2bb210 code [0x000001afad2bb3e0, 0x000001afad2bb718]
Event: 3.291 Thread 0x000001afbf72e1b0 1463 %     4       java.io.WinNTFileSystem::normalize @ 58 (224 bytes)
Event: 3.293 Thread 0x000001afbf797710 1465       3       sun.nio.fs.WindowsPathParser::nextNonSlash (24 bytes)
Event: 3.294 Thread 0x000001afbf797710 nmethod 1465 0x000001afad2bb890 code [0x000001afad2bbaa0, 0x000001afad2bc1f8]
Event: 3.325 Thread 0x000001afbf72e1b0 nmethod 1463% 0x000001afb45dfd90 code [0x000001afb45dff80, 0x000001afb45e11f8]
Event: 3.326 Thread 0x000001afbf72e1b0 1464 %     4       java.lang.StringLatin1::inflate @ 3 (34 bytes)
Event: 3.333 Thread 0x000001afbf72e1b0 nmethod 1464% 0x000001afb45e1c10 code [0x000001afb45e1da0, 0x000001afb45e2118]
Event: 3.460 Thread 0x000001afbf72e1b0 1466       4       java.io.WinNTFileSystem::normalize (143 bytes)
Event: 3.464 Thread 0x000001afbf797710 1468       3       org.eclipse.osgi.framework.util.SecureAction::getProperty (31 bytes)
Event: 3.464 Thread 0x000001afbf797710 nmethod 1468 0x000001afad2bc510 code [0x000001afad2bc7a0, 0x000001afad2bd218]
Event: 3.464 Thread 0x000001afbf797710 1469       3       java.lang.String::getChars (54 bytes)
Event: 3.465 Thread 0x000001afbf797710 nmethod 1469 0x000001afad2bd590 code [0x000001afad2bd780, 0x000001afad2bdbf8]
Event: 3.465 Thread 0x000001afbf797710 1470       3       java.lang.StringLatin1::getChars (12 bytes)
Event: 3.465 Thread 0x000001afbf797710 nmethod 1470 0x000001afad2bde10 code [0x000001afad2bdfa0, 0x000001afad2be0c8]
Event: 3.468 Thread 0x000001afbf797710 1471       3       org.eclipse.osgi.internal.framework.EquinoxConfiguration$ConfigValues::internalGet (24 bytes)
Event: 3.469 Thread 0x000001afbf797710 nmethod 1471 0x000001afad2be190 code [0x000001afad2be440, 0x000001afad2bf068]
Event: 3.474 Thread 0x000001afbf797710 1473       3       java.io.File::isAbsolute (8 bytes)
Event: 3.474 Thread 0x000001afbf797710 nmethod 1473 0x000001afad2bf490 code [0x000001afad2bf640, 0x000001afad2bf7a8]

GC Heap History (2 events):
Event: 2.128 GC heap before
{Heap before GC invocations=1 (full 0):
 PSYoungGen      total 29696K, used 25600K [0x00000000eab00000, 0x00000000ecc00000, 0x0000000100000000)
  eden space 25600K, 100% used [0x00000000eab00000,0x00000000ec400000,0x00000000ec400000)
  from space 4096K, 0% used [0x00000000ec800000,0x00000000ec800000,0x00000000ecc00000)
  to   space 4096K, 0% used [0x00000000ec400000,0x00000000ec400000,0x00000000ec800000)
 ParOldGen       total 68608K, used 0K [0x00000000c0000000, 0x00000000c4300000, 0x00000000eab00000)
  object space 68608K, 0% used [0x00000000c0000000,0x00000000c0000000,0x00000000c4300000)
 Metaspace       used 10782K, committed 10944K, reserved 1064960K
  class space    used 1080K, committed 1152K, reserved 1048576K
}
Event: 2.139 GC heap after
{Heap after GC invocations=1 (full 0):
 PSYoungGen      total 29696K, used 3288K [0x00000000eab00000, 0x00000000ecc00000, 0x0000000100000000)
  eden space 25600K, 0% used [0x00000000eab00000,0x00000000eab00000,0x00000000ec400000)
  from space 4096K, 80% used [0x00000000ec400000,0x00000000ec736218,0x00000000ec800000)
  to   space 4096K, 0% used [0x00000000ec800000,0x00000000ec800000,0x00000000ecc00000)
 ParOldGen       total 68608K, used 16K [0x00000000c0000000, 0x00000000c4300000, 0x00000000eab00000)
  object space 68608K, 0% used [0x00000000c0000000,0x00000000c0004000,0x00000000c4300000)
 Metaspace       used 10782K, committed 10944K, reserved 1064960K
  class space    used 1080K, committed 1152K, reserved 1048576K
}

Deoptimization events (20 events):
Event: 2.307 Thread 0x000001afa9dff4b0 DEOPT PACKING pc=0x000001afb458cf90 sp=0x000000120b3f8460
Event: 2.307 Thread 0x000001afa9dff4b0 DEOPT UNPACKING pc=0x000001afacae20a3 sp=0x000000120b3f83c8 mode 2
Event: 2.551 Thread 0x000001afa9dff4b0 Uncommon trap: trap_request=0xffffff45 fr.pc=0x000001afb4597a84 relative=0x00000000000002c4
Event: 2.552 Thread 0x000001afa9dff4b0 Uncommon trap: reason=unstable_if action=reinterpret pc=0x000001afb4597a84 method=java.lang.invoke.VarHandle.checkExactAccessMode(Ljava/lang/invoke/VarHandle$AccessDescriptor;)V @ 4 c2
Event: 2.552 Thread 0x000001afa9dff4b0 DEOPT PACKING pc=0x000001afb4597a84 sp=0x000000120b3fe2e0
Event: 2.552 Thread 0x000001afa9dff4b0 DEOPT UNPACKING pc=0x000001afacae20a3 sp=0x000000120b3fe2b0 mode 2
Event: 2.654 Thread 0x000001afa9dff4b0 Uncommon trap: trap_request=0xffffffde fr.pc=0x000001afb45a15fc relative=0x000000000000095c
Event: 2.654 Thread 0x000001afa9dff4b0 Uncommon trap: reason=class_check action=maybe_recompile pc=0x000001afb45a15fc method=java.util.HashMap.putVal(ILjava/lang/Object;Ljava/lang/Object;ZZ)Ljava/lang/Object; @ 253 c2
Event: 2.654 Thread 0x000001afa9dff4b0 DEOPT PACKING pc=0x000001afb45a15fc sp=0x000000120b3fdd70
Event: 2.654 Thread 0x000001afa9dff4b0 DEOPT UNPACKING pc=0x000001afacae20a3 sp=0x000000120b3fdcf0 mode 2
Event: 2.657 Thread 0x000001afa9dff4b0 Uncommon trap: trap_request=0xffffffde fr.pc=0x000001afb45a15fc relative=0x000000000000095c
Event: 2.657 Thread 0x000001afa9dff4b0 Uncommon trap: reason=class_check action=maybe_recompile pc=0x000001afb45a15fc method=java.util.HashMap.putVal(ILjava/lang/Object;Ljava/lang/Object;ZZ)Ljava/lang/Object; @ 253 c2
Event: 2.657 Thread 0x000001afa9dff4b0 DEOPT PACKING pc=0x000001afb45a15fc sp=0x000000120b3fdd70
Event: 2.657 Thread 0x000001afa9dff4b0 DEOPT UNPACKING pc=0x000001afacae20a3 sp=0x000000120b3fdcf0 mode 2
Event: 2.709 Thread 0x000001afa9dff4b0 DEOPT PACKING pc=0x000001afad11b380 sp=0x000000120b3fce40
Event: 2.709 Thread 0x000001afa9dff4b0 DEOPT UNPACKING pc=0x000001afacae2843 sp=0x000000120b3fc2b0 mode 0
Event: 3.472 Thread 0x000001afa9dff4b0 DEOPT PACKING pc=0x000001afad0f89c3 sp=0x000000120b3fe310
Event: 3.472 Thread 0x000001afa9dff4b0 DEOPT UNPACKING pc=0x000001afacae2843 sp=0x000000120b3fd830 mode 0
Event: 3.477 Thread 0x000001afa9dff4b0 DEOPT PACKING pc=0x000001afad1085be sp=0x000000120b3fe290
Event: 3.477 Thread 0x000001afa9dff4b0 DEOPT UNPACKING pc=0x000001afacae2843 sp=0x000000120b3fd708 mode 0

Classes unloaded (0 events):
No events

Classes redefined (0 events):
No events

Internal exceptions (20 events):
Event: 1.239 Thread 0x000001afa9dff4b0 Exception <a 'java/io/FileNotFoundException'{0x00000000eb75b088}> (0x00000000eb75b088) 
thrown [s\src\hotspot\share\prims\jni.cpp, line 516]
Event: 1.239 Thread 0x000001afa9dff4b0 Exception <a 'java/io/FileNotFoundException'{0x00000000eb75bde8}> (0x00000000eb75bde8) 
thrown [s\src\hotspot\share\prims\jni.cpp, line 516]
Event: 1.239 Thread 0x000001afa9dff4b0 Exception <a 'java/io/FileNotFoundException'{0x00000000eb75cb38}> (0x00000000eb75cb38) 
thrown [s\src\hotspot\share\prims\jni.cpp, line 516]
Event: 1.254 Thread 0x000001afa9dff4b0 Exception <a 'java/io/FileNotFoundException'{0x00000000eb79d6b0}> (0x00000000eb79d6b0) 
thrown [s\src\hotspot\share\prims\jni.cpp, line 516]
Event: 1.659 Thread 0x000001afa9dff4b0 Exception <a 'java/lang/ClassNotFoundException'{0x00000000ebf94560}: sun/net/www/protocol/c/Handler> (0x00000000ebf94560) 
thrown [s\src\hotspot\share\classfile\systemDictionary.cpp, line 256]
Event: 1.660 Thread 0x000001afa9dff4b0 Exception <a 'java/lang/ClassNotFoundException'{0x00000000ebf958c8}: sun/net/www/protocol/d/Handler> (0x00000000ebf958c8) 
thrown [s\src\hotspot\share\classfile\systemDictionary.cpp, line 256]
Event: 1.660 Thread 0x000001afa9dff4b0 Exception <a 'java/lang/ClassNotFoundException'{0x00000000ebf96a48}: sun/net/www/protocol/c/Handler> (0x00000000ebf96a48) 
thrown [s\src\hotspot\share\classfile\systemDictionary.cpp, line 256]
Event: 1.679 Thread 0x000001afa9dff4b0 Exception <a 'java/io/FileNotFoundException'{0x00000000ebfbd730}> (0x00000000ebfbd730) 
thrown [s\src\hotspot\share\prims\jni.cpp, line 516]
Event: 1.776 Thread 0x000001afa9dff4b0 Implicit null exception at 0x000001afb45a5160 to 0x000001afb45a51fa
Event: 1.776 Thread 0x000001afa9dff4b0 Implicit null exception at 0x000001afb45a66ec to 0x000001afb45a68d4
Event: 1.777 Thread 0x000001afa9dff4b0 Implicit null exception at 0x000001afb45a606c to 0x000001afb45a6254
Event: 1.777 Thread 0x000001afa9dff4b0 Implicit null exception at 0x000001afb4596a0f to 0x000001afb4596a89
Event: 1.888 Thread 0x000001afa9dff4b0 Exception <a 'java/lang/NoSuchMethodError'{0x00000000ec28c0e0}: 'int java.lang.invoke.DirectMethodHandle$Holder.invokeStaticInit(java.lang.Object, java.lang.Object, java.lang.Object, java.lang.Object)'> (0x00000000ec28c0e0) 
thrown [s\src\hotspot\share\interpreter\linkResolver.cpp, line 759]
Event: 1.902 Thread 0x000001afa9dff4b0 Exception <a 'java/lang/NoSuchMethodError'{0x00000000ec296750}: 'java.lang.Object java.lang.invoke.DirectMethodHandle$Holder.invokeInterface(java.lang.Object, java.lang.Object)'> (0x00000000ec296750) 
thrown [s\src\hotspot\share\interpreter\linkResolver.cpp, line 759]
Event: 1.903 Thread 0x000001afa9dff4b0 Exception <a 'java/lang/IncompatibleClassChangeError'{0x00000000ec299f48}: Found class java.lang.Object, but interface was expected> (0x00000000ec299f48) 
thrown [s\src\hotspot\share\interpreter\linkResolver.cpp, line 826]
Event: 1.908 Thread 0x000001afa9dff4b0 Exception <a 'java/lang/NoSuchMethodError'{0x00000000ec29e440}: 'void java.lang.invoke.DirectMethodHandle$Holder.invokeStatic(java.lang.Object, java.lang.Object)'> (0x00000000ec29e440) 
thrown [s\src\hotspot\share\interpreter\linkResolver.cpp, line 759]
Event: 1.924 Thread 0x000001afa9dff4b0 Exception <a 'java/lang/NoSuchMethodError'{0x00000000ec2a1c40}: 'void java.lang.invoke.DirectMethodHandle$Holder.invokeStaticInit(java.lang.Object, java.lang.Object)'> (0x00000000ec2a1c40) 
thrown [s\src\hotspot\share\interpreter\linkResolver.cpp, line 759]
Event: 1.930 Thread 0x000001afa9dff4b0 Exception <a 'java/lang/NoSuchMethodError'{0x00000000ec2a9038}: 'int java.lang.invoke.DirectMethodHandle$Holder.invokeStaticInit(java.lang.Object, java.lang.Object)'> (0x00000000ec2a9038) 
thrown [s\src\hotspot\share\interpreter\linkResolver.cpp, line 759]
Event: 2.123 Thread 0x000001afa9dff4b0 Exception <a 'java/lang/NoSuchMethodError'{0x00000000ec3efe88}: 'void java.lang.invoke.DirectMethodHandle$Holder.invokeSpecial(java.lang.Object, java.lang.Object, java.lang.Object)'> (0x00000000ec3efe88) 
thrown [s\src\hotspot\share\interpreter\linkResolver.cpp, line 759]
Event: 2.625 Thread 0x000001afa9dff4b0 Exception <a 'java/lang/NoSuchMethodError'{0x00000000eb7d7628}: 'java.lang.Object java.lang.invoke.DirectMethodHandle$Holder.newInvokeSpecial(java.lang.Object, int, java.lang.Object)'> (0x00000000eb7d7628) 
thrown [s\src\hotspot\share\interpreter\linkResolver.cpp, line 759]

VM Operations (20 events):
Event: 0.309 Executing VM operation: HandshakeAllThreads
Event: 0.309 Executing VM operation: HandshakeAllThreads done
Event: 0.544 Executing VM operation: HandshakeAllThreads
Event: 0.544 Executing VM operation: HandshakeAllThreads done
Event: 1.172 Executing VM operation: HandshakeAllThreads
Event: 1.172 Executing VM operation: HandshakeAllThreads done
Event: 1.172 Executing VM operation: Cleanup
Event: 1.172 Executing VM operation: Cleanup done
Event: 1.190 Executing VM operation: HandshakeAllThreads
Event: 1.190 Executing VM operation: HandshakeAllThreads done
Event: 2.128 Executing VM operation: ParallelGCFailedAllocation
Event: 2.140 Executing VM operation: ParallelGCFailedAllocation done
Event: 2.590 Executing VM operation: HandshakeAllThreads
Event: 2.590 Executing VM operation: HandshakeAllThreads done
Event: 2.591 Executing VM operation: HandshakeAllThreads
Event: 2.591 Executing VM operation: HandshakeAllThreads done
Event: 2.599 Executing VM operation: HandshakeAllThreads
Event: 2.600 Executing VM operation: HandshakeAllThreads done
Event: 2.618 Executing VM operation: HandshakeAllThreads
Event: 2.618 Executing VM operation: HandshakeAllThreads done

Events (20 events):
Event: 2.657 loading class java/util/ConcurrentModificationException done
Event: 2.663 loading class java/net/ContentHandlerFactory
Event: 2.663 loading class java/net/ContentHandlerFactory done
Event: 2.671 loading class java/net/ContentHandler
Event: 2.671 loading class java/net/ContentHandler done
Event: 2.700 loading class java/security/KeyStoreException
Event: 2.701 loading class java/security/KeyStoreException done
Event: 2.744 loading class java/util/LinkedList$Node
Event: 2.744 loading class java/util/LinkedList$Node done
Event: 2.744 loading class java/util/LinkedList$ListItr
Event: 2.744 loading class java/util/LinkedList$ListItr done
Event: 2.760 loading class sun/nio/fs/WindowsChannelFactory
Event: 2.760 loading class sun/nio/fs/WindowsChannelFactory done
Event: 2.760 loading class sun/nio/fs/WindowsChannelFactory$1
Event: 2.760 loading class sun/nio/fs/WindowsChannelFactory$1 done
Event: 2.760 loading class sun/nio/fs/WindowsChannelFactory$Flags
Event: 2.760 loading class sun/nio/fs/WindowsChannelFactory$Flags done
Event: 2.761 loading class sun/nio/ch/FileChannelImpl$Closer
Event: 2.761 loading class sun/nio/ch/FileChannelImpl$Closer done
Event: 2.972 Thread 0x000001afc0b94790 Thread exited: 0x000001afc0b94790


Dynamic libraries:
0x00007ff733c10000 - 0x00007ff733c1e000 	c:\Users\Malingas Cumbane\.vscode\extensions\redhat.java-1.12.0-win32-x64\jre\17.0.4.1-win32-x86_64\bin\java.exe
0x00007fff71b90000 - 0x00007fff71da4000 	C:\WINDOWS\SYSTEM32\ntdll.dll
0x00007fff6fc00000 - 0x00007fff6fcc2000 	C:\WINDOWS\System32\KERNEL32.DLL
0x00007fff6eff0000 - 0x00007fff6f38d000 	C:\WINDOWS\System32\KERNELBASE.dll
0x00007fff6f780000 - 0x00007fff6f891000 	C:\WINDOWS\System32\ucrtbase.dll
0x00007fff64f20000 - 0x00007fff64f38000 	c:\Users\Malingas Cumbane\.vscode\extensions\redhat.java-1.12.0-win32-x64\jre\17.0.4.1-win32-x86_64\bin\jli.dll
0x00007fff657a0000 - 0x00007fff657b9000 	c:\Users\Malingas Cumbane\.vscode\extensions\redhat.java-1.12.0-win32-x64\jre\17.0.4.1-win32-x86_64\bin\VCRUNTIME140.dll
0x00007fff70360000 - 0x00007fff7050a000 	C:\WINDOWS\System32\USER32.dll
0x00007fff6efc0000 - 0x00007fff6efe6000 	C:\WINDOWS\System32\win32u.dll
0x00007fff47930000 - 0x00007fff47bbe000 	C:\WINDOWS\WinSxS\amd64_microsoft.windows.common-controls_6595b64144ccf1df_6.0.22621.608_none_a9444ca7c10bb01d\COMCTL32.dll
0x00007fff6f9b0000 - 0x00007fff6fa57000 	C:\WINDOWS\System32\msvcrt.dll
0x00007fff70db0000 - 0x00007fff70dd9000 	C:\WINDOWS\System32\GDI32.dll
0x00007fff6f390000 - 0x00007fff6f4a2000 	C:\WINDOWS\System32\gdi32full.dll
0x00007fff6f4b0000 - 0x00007fff6f54a000 	C:\WINDOWS\System32\msvcp_win.dll
0x00007fff71840000 - 0x00007fff71872000 	C:\WINDOWS\System32\IMM32.DLL
0x00007fff68b10000 - 0x00007fff68b1c000 	c:\Users\Malingas Cumbane\.vscode\extensions\redhat.java-1.12.0-win32-x64\jre\17.0.4.1-win32-x86_64\bin\vcruntime140_1.dll
0x00007fff3cab0000 - 0x00007fff3cb41000 	c:\Users\Malingas Cumbane\.vscode\extensions\redhat.java-1.12.0-win32-x64\jre\17.0.4.1-win32-x86_64\bin\msvcp140.dll
0x00007ffef5570000 - 0x00007ffef61b6000 	c:\Users\Malingas Cumbane\.vscode\extensions\redhat.java-1.12.0-win32-x64\jre\17.0.4.1-win32-x86_64\bin\server\jvm.dll
0x00007fff719a0000 - 0x00007fff71a4e000 	C:\WINDOWS\System32\ADVAPI32.dll
0x00007fff70520000 - 0x00007fff705c4000 	C:\WINDOWS\System32\sechost.dll
0x00007fff71880000 - 0x00007fff71995000 	C:\WINDOWS\System32\RPCRT4.dll
0x00007fff70250000 - 0x00007fff70258000 	C:\WINDOWS\System32\PSAPI.DLL
0x00007fff63f10000 - 0x00007fff63f44000 	C:\WINDOWS\SYSTEM32\WINMM.dll
0x00007fff61750000 - 0x00007fff61759000 	C:\WINDOWS\SYSTEM32\WSOCK32.dll
0x00007fff71440000 - 0x00007fff714b1000 	C:\WINDOWS\System32\WS2_32.dll
0x00007fff6c960000 - 0x00007fff6c96a000 	C:\WINDOWS\SYSTEM32\VERSION.dll
0x00007fff6e0e0000 - 0x00007fff6e0f8000 	C:\WINDOWS\SYSTEM32\kernel.appcore.dll
0x00007fff64e40000 - 0x00007fff64e4a000 	c:\Users\Malingas Cumbane\.vscode\extensions\redhat.java-1.12.0-win32-x64\jre\17.0.4.1-win32-x86_64\bin\jimage.dll
0x00007fff6c6f0000 - 0x00007fff6c91e000 	C:\WINDOWS\SYSTEM32\DBGHELP.DLL
0x00007fff6fec0000 - 0x00007fff7024a000 	C:\WINDOWS\System32\combase.dll
0x00007fff6fcd0000 - 0x00007fff6fda7000 	C:\WINDOWS\System32\OLEAUT32.dll
0x00007fff50f00000 - 0x00007fff50f32000 	C:\WINDOWS\SYSTEM32\dbgcore.DLL
0x00007fff6f910000 - 0x00007fff6f98b000 	C:\WINDOWS\System32\bcryptPrimitives.dll
0x00007fff64e00000 - 0x00007fff64e0e000 	c:\Users\Malingas Cumbane\.vscode\extensions\redhat.java-1.12.0-win32-x64\jre\17.0.4.1-win32-x86_64\bin\instrument.dll
0x00007fff63f50000 - 0x00007fff63f75000 	c:\Users\Malingas Cumbane\.vscode\extensions\redhat.java-1.12.0-win32-x64\jre\17.0.4.1-win32-x86_64\bin\java.dll
0x00007fff57f90000 - 0x00007fff57fa8000 	c:\Users\Malingas Cumbane\.vscode\extensions\redhat.java-1.12.0-win32-x64\jre\17.0.4.1-win32-x86_64\bin\zip.dll
0x00007fff705d0000 - 0x00007fff70db0000 	C:\WINDOWS\System32\SHELL32.dll
0x00007fff6cfc0000 - 0x00007fff6d885000 	C:\WINDOWS\SYSTEM32\windows.storage.dll
0x00007fff6ce80000 - 0x00007fff6cfbe000 	C:\WINDOWS\SYSTEM32\wintypes.dll
0x00007fff70260000 - 0x00007fff70351000 	C:\WINDOWS\System32\SHCORE.dll
0x00007fff715e0000 - 0x00007fff7163e000 	C:\WINDOWS\System32\shlwapi.dll
0x00007fff6eef0000 - 0x00007fff6ef11000 	C:\WINDOWS\SYSTEM32\profapi.dll
0x00007fff56750000 - 0x00007fff56769000 	C:\Users\Malingas Cumbane\.vscode\extensions\redhat.java-1.12.0-win32-x64\jre\17.0.4.1-win32-x86_64\bin\net.dll
0x00007fff65eb0000 - 0x00007fff65fdf000 	C:\WINDOWS\SYSTEM32\WINHTTP.dll
0x00007fff6e530000 - 0x00007fff6e599000 	C:\WINDOWS\system32\mswsock.dll
0x00007fff56700000 - 0x00007fff56715000 	C:\Users\Malingas Cumbane\.vscode\extensions\redhat.java-1.12.0-win32-x64\jre\17.0.4.1-win32-x86_64\bin\nio.dll
0x00007fff61760000 - 0x00007fff61770000 	c:\Users\Malingas Cumbane\.vscode\extensions\redhat.java-1.12.0-win32-x64\jre\17.0.4.1-win32-x86_64\bin\verify.dll

dbghelp: loaded successfully - version: 4.0.5 - missing functions: none
symbol engine: initialized successfully - sym options: 0x614 - pdb path: .;c:\Users\Malingas Cumbane\.vscode\extensions\redhat.java-1.12.0-win32-x64\jre\17.0.4.1-win32-x86_64\bin;C:\WINDOWS\SYSTEM32;C:\WINDOWS\WinSxS\amd64_microsoft.windows.common-controls_6595b64144ccf1df_6.0.22621.608_none_a9444ca7c10bb01d;c:\Users\Malingas Cumbane\.vscode\extensions\redhat.java-1.12.0-win32-x64\jre\17.0.4.1-win32-x86_64\bin\server

VM Arguments:
jvm_args: --add-modules=ALL-SYSTEM --add-opens=java.base/java.util=ALL-UNNAMED --add-opens=java.base/java.lang=ALL-UNNAMED --add-opens=java.base/sun.nio.fs=ALL-UNNAMED -Declipse.application=org.eclipse.jdt.ls.core.id1 -Dosgi.bundles.defaultStartLevel=4 -Declipse.product=org.eclipse.jdt.ls.core.product -Djava.import.generatesMetadataFilesAtProjectRoot=false -Dfile.encoding=utf8 -XX:+UseParallelGC -XX:GCTimeRatio=4 -XX:AdaptiveSizePolicyWeight=90 -Dsun.zip.disableMemoryMapping=true -Xmx1G -Xms100m -Xlog:disable -javaagent:c:\Users\Malingas Cumbane\.vscode\extensions\redhat.java-1.12.0-win32-x64\lombok\lombok-1.18.24.jar -XX:+HeapDumpOnOutOfMemoryError -XX:HeapDumpPath=c:\Users\Malingas Cumbane\AppData\Roaming\Code\User\workspaceStorage\cbae844184017a177f45b666119da112\redhat.java 
java_command: c:\Users\Malingas Cumbane\.vscode\extensions\redhat.java-1.12.0-win32-x64\server\plugins\org.eclipse.equinox.launcher_1.6.400.v20210924-0641.jar -configuration c:\Users\Malingas Cumbane\AppData\Roaming\Code\User\globalStorage\redhat.java\1.12.0\config_win -data c:\Users\Malingas Cumbane\AppData\Roaming\Code\User\workspaceStorage\cbae844184017a177f45b666119da112\redhat.java\jdt_ws
java_class_path (initial): c:\Users\Malingas Cumbane\.vscode\extensions\redhat.java-1.12.0-win32-x64\server\plugins\org.eclipse.equinox.launcher_1.6.400.v20210924-0641.jar
Launcher Type: SUN_STANDARD

[Global flags]
    uintx AdaptiveSizePolicyWeight                 = 90                                        {product} {command line}
     intx CICompilerCount                          = 4                                         {product} {ergonomic}
    uintx GCTimeRatio                              = 4                                         {product} {command line}
     bool HeapDumpOnOutOfMemoryError               = true                                   {manageable} {command line}
    ccstr HeapDumpPath                             = c:\Users\Malingas Cumbane\AppData\Roaming\Code\User\workspaceStorage\cbae844184017a177f45b666119da112\redhat.java         {manageable} {command line}
   size_t InitialHeapSize                          = 104857600                                 {product} {command line}
   size_t MaxHeapSize                              = 1073741824                                {product} {command line}
   size_t MaxNewSize                               = 357564416                                 {product} {ergonomic}
   size_t MinHeapDeltaBytes                        = 524288                                    {product} {ergonomic}
   size_t MinHeapSize                              = 104857600                                 {product} {command line}
   size_t NewSize                                  = 34603008                                  {product} {ergonomic}
    uintx NonNMethodCodeHeapSize                   = 5839372                                {pd product} {ergonomic}
    uintx NonProfiledCodeHeapSize                  = 122909434                              {pd product} {ergonomic}
   size_t OldSize                                  = 70254592                                  {product} {ergonomic}
    uintx ProfiledCodeHeapSize                     = 122909434                              {pd product} {ergonomic}
    uintx ReservedCodeCacheSize                    = 251658240                              {pd product} {ergonomic}
     bool SegmentedCodeCache                       = true                                      {product} {ergonomic}
   size_t SoftMaxHeapSize                          = 1073741824                             {manageable} {ergonomic}
     bool UseCompressedClassPointers               = true                           {product lp64_product} {ergonomic}
     bool UseCompressedOops                        = true                           {product lp64_product} {ergonomic}
     bool UseLargePagesIndividualAllocation        = false                                  {pd product} {ergonomic}
     bool UseParallelGC                            = true                                      {product} {command line}

Logging:
Log output configuration:
 #0: stdout all=off uptime,level,tags
 #1: stderr all=off uptime,level,tags

Environment Variables:
PATH=C:\Program Files\Python39\Scripts\;C:\Program Files\Python39\;C:\Program Files\Common Files\Oracle\Java\javapath;C:\Windows\system32;C:\Windows;C:\Windows\System32\Wbem;C:\Windows\System32\WindowsPowerShell\v1.0\;C:\Windows\System32\OpenSSH\;C:\Program Files\nodejs\;C:\Program Files\Git\cmd;C:\Program Files\PuTTY\;C:\Program Files\Microsoft SQL Server\Client SDK\ODBC\130\Tools\Binn\;C:\Program Files (x86)\Microsoft SQL Server\130\Tools\Binn\;C:\Program Files\Microsoft SQL Server\130\Tools\Binn\;C:\Program Files\Microsoft SQL Server\130\DTS\Binn\;C:\Program Files\dotnet\;%SystemRoot%\system32;%SystemRoot%;%SystemRoot%\System32\Wbem;%SYSTEMROOT%\System32\WindowsPowerShell\v1.0\;%SYSTEMROOT%\System32\OpenSSH\;C:\Program Files\MySQL\MySQL Shell 8.0\bin\;C:\Users\Malingas Cumbane\AppData\Local\Microsoft\WindowsApps;;C:\Users\Malingas Cumbane\AppData\Local\Programs\Microsoft VS Code\bin;C:\Users\Malingas Cumbane\AppData\Roaming\npm;C:\Users\Malingas Cumbane\.dotnet\tools
USERNAME=Malingas Cumbane
OS=Windows_NT
PROCESSOR_IDENTIFIER=Intel64 Family 6 Model 142 Stepping 12, GenuineIntel
TMP=C:\Users\MALING~1\AppData\Local\Temp
TEMP=C:\Users\MALING~1\AppData\Local\Temp



---------------  S Y S T E M  ---------------

OS:
 Windows 11 , 64 bit Build 22621 (10.0.22621.755)
OS uptime: 1 days 12:24 hours
Hyper-V role detected

CPU: total 8 (initial active 8) (4 cores per cpu, 2 threads per core) family 6 model 142 stepping 12 microcode 0xde, cx8, cmov, fxsr, ht, mmx, 3dnowpref, sse, sse2, sse3, ssse3, sse4.1, sse4.2, popcnt, lzcnt, tsc, tscinvbit, avx, avx2, aes, erms, clmul, bmi1, bmi2, adx, fma, vzeroupper, clflush, clflushopt, hv

Memory: 4k page, system-wide physical 7948M (424M free)
TotalPageFile size 21075M (AvailPageFile size 1M)
current process WorkingSet (physical memory assigned to process): 80M, peak: 81M
current process commit charge ("private bytes"): 201M, peak: 203M

vm_info: OpenJDK 64-Bit Server VM (17.0.4.1+1) for windows-amd64 JRE (17.0.4.1+1), built on Aug 17 2022 07:42:43 by "temurin" with MS VC++ 16.7 (VS2019)

END.
